app/build/outputs/logs/manifest-merger-debug-report.txt
-- Merging decision tree log ---
manifest
ADDED from src/main/AndroidManifest.xml:2:1-97:12
INJECTED from src/main/AndroidManifest.xml:2:1-97:12
INJECTED from src/main/AndroidManifest.xml:2:1-97:12
INJECTED from src/main/AndroidManifest.xml:2:1-97:12
INJECTED from src/main/AndroidManifest.xml:2:1-97:12
INJECTED from src/main/AndroidManifest.xml:2:1-97:12
INJECTED from src/main/AndroidManifest.xml:2:1-97:12
	package
		ADDED from src/main/AndroidManifest.xml:3:5-32
		INJECTED from src/main/AndroidManifest.xml
		INJECTED from src/main/AndroidManifest.xml
	android:versionName
		ADDED from src/main/AndroidManifest.xml:5:5-30
		INJECTED from src/main/AndroidManifest.xml
		INJECTED from src/main/AndroidManifest.xml
	xmlns:tools
		ADDED from src/main/AndroidManifest.xml:6:5-51
	xmlns:android
		ADDED from src/main/AndroidManifest.xml:2:11-69
	android:versionCode
		ADDED from src/main/AndroidManifest.xml:4:5-28
		INJECTED from src/main/AndroidManifest.xml
		INJECTED from src/main/AndroidManifest.xml
uses-permission#android.permission.INTERNET
ADDED from src/main/AndroidManifest.xml:10:5-67
	android:name
		ADDED from src/main/AndroidManifest.xml:10:22-64
uses-permission#android.permission.ACCESS_NETWORK_STATE
ADDED from src/main/AndroidManifest.xml:11:5-79
	android:name
		ADDED from src/main/AndroidManifest.xml:11:22-76
uses-permission#android.permission.BLUETOOTH
ADDED from src/main/AndroidManifest.xml:12:5-68
	android:name
		ADDED from src/main/AndroidManifest.xml:12:22-65
uses-permission#android.permission.CAMERA
ADDED from src/main/AndroidManifest.xml:13:5-65
	android:name
		ADDED from src/main/AndroidManifest.xml:13:22-62
uses-permission#android.permission.WRITE_EXTERNAL_STORAGE
ADDED from src/main/AndroidManifest.xml:14:5-81
	android:name
		ADDED from src/main/AndroidManifest.xml:14:22-78
uses-permission#android.permission.READ_EXTERNAL_STORAGE
ADDED from src/main/AndroidManifest.xml:15:5-80
	android:name
		ADDED from src/main/AndroidManifest.xml:15:22-77
uses-permission#android.permission.READ_PHONE_STATE
ADDED from src/main/AndroidManifest.xml:16:5-75
	android:name
		ADDED from src/main/AndroidManifest.xml:16:22-72
uses-permission#android.permission.BLUETOOTH_ADMIN
ADDED from src/main/AndroidManifest.xml:17:5-74
	android:name
		ADDED from src/main/AndroidManifest.xml:17:22-71
application
ADDED from src/main/AndroidManifest.xml:20:5-95:19
	android:label
		ADDED from src/main/AndroidManifest.xml:23:9-41
	android:hardwareAccelerated
		ADDED from src/main/AndroidManifest.xml:24:9-44
	android:largeHeap
		ADDED from src/main/AndroidManifest.xml:25:9-33
	android:icon
		ADDED from src/main/AndroidManifest.xml:22:9-45
	android:allowBackup
		ADDED from src/main/AndroidManifest.xml:21:9-35
	android:theme
		ADDED from src/main/AndroidManifest.xml:26:9-79
activity#com.chipo.cashier.SplashActivity
ADDED from src/main/AndroidManifest.xml:29:9-38:20
	android:screenOrientation
		ADDED from src/main/AndroidManifest.xml:32:13-50
	android:label
		ADDED from src/main/AndroidManifest.xml:31:13-45
	android:name
		ADDED from src/main/AndroidManifest.xml:30:13-43
intent-filter#action:name:android.intent.action.MAIN+category:name:android.intent.category.LAUNCHER
ADDED from src/main/AndroidManifest.xml:33:13-37:29
action#android.intent.action.MAIN
ADDED from src/main/AndroidManifest.xml:34:17-69
	android:name
		ADDED from src/main/AndroidManifest.xml:34:25-66
category#android.intent.category.LAUNCHER
ADDED from src/main/AndroidManifest.xml:36:17-77
	android:name
		ADDED from src/main/AndroidManifest.xml:36:27-74
activity#com.chipo.cashier.MainActivity
ADDED from src/main/AndroidManifest.xml:39:9-43:20
	android:screenOrientation
		ADDED from src/main/AndroidManifest.xml:42:13-50
	android:label
		ADDED from src/main/AndroidManifest.xml:41:13-45
	android:name
		ADDED from src/main/AndroidManifest.xml:40:13-41
activity#com.chipo.cashier.ActivationActivity
ADDED from src/main/AndroidManifest.xml:44:9-49:20
	android:screenOrientation
		ADDED from src/main/AndroidManifest.xml:47:13-50
	android:label
		ADDED from src/main/AndroidManifest.xml:46:13-62
	android:windowSoftInputMode
		ADDED from src/main/AndroidManifest.xml:48:13-65
	android:name
		ADDED from src/main/AndroidManifest.xml:45:13-47
activity#com.chipo.cashier.LoginActivity
ADDED from src/main/AndroidManifest.xml:50:9-55:20
	android:screenOrientation
		ADDED from src/main/AndroidManifest.xml:53:13-50
	android:label
		ADDED from src/main/AndroidManifest.xml:52:13-57
	android:windowSoftInputMode
		ADDED from src/main/AndroidManifest.xml:54:13-65
	android:name
		ADDED from src/main/AndroidManifest.xml:51:13-42
activity#com.chipo.cashier.MasterListActivity
ADDED from src/main/AndroidManifest.xml:56:9-61:20
	android:screenOrientation
		ADDED from src/main/AndroidManifest.xml:59:13-50
	android:label
		ADDED from src/main/AndroidManifest.xml:58:13-54
	android:windowSoftInputMode
		ADDED from src/main/AndroidManifest.xml:60:13-65
	android:name
		ADDED from src/main/AndroidManifest.xml:57:13-47
activity#com.chipo.cashier.MasterDetailActivity
ADDED from src/main/AndroidManifest.xml:62:9-71:20
	android:screenOrientation
		ADDED from src/main/AndroidManifest.xml:66:13-50
	android:parentActivityName
		ADDED from src/main/AndroidManifest.xml:65:13-61
	android:label
		ADDED from src/main/AndroidManifest.xml:64:13-56
	android:windowSoftInputMode
		ADDED from src/main/AndroidManifest.xml:67:13-65
	android:name
		ADDED from src/main/AndroidManifest.xml:63:13-49
meta-data#android.support.PARENT_ACTIVITY
ADDED from src/main/AndroidManifest.xml:68:13-70:72
	android:value
		ADDED from src/main/AndroidManifest.xml:70:17-69
	android:name
		ADDED from src/main/AndroidManifest.xml:69:17-63
activity#com.chipo.cashier.QuickOrderActivity
ADDED from src/main/AndroidManifest.xml:72:9-76:20
	android:screenOrientation
		ADDED from src/main/AndroidManifest.xml:75:13-50
	android:label
		ADDED from src/main/AndroidManifest.xml:74:13-63
	android:name
		ADDED from src/main/AndroidManifest.xml:73:13-47
activity#com.chipo.cashier.printer.DeviceListActivity
ADDED from src/main/AndroidManifest.xml:77:9-82:20
	android:screenOrientation
		ADDED from src/main/AndroidManifest.xml:80:13-50
	android:label
		ADDED from src/main/AndroidManifest.xml:79:13-50
	android:theme
		ADDED from src/main/AndroidManifest.xml:81:13-56
	android:name
		ADDED from src/main/AndroidManifest.xml:78:13-55
activity#com.chipo.cashier.SettingListActivity
ADDED from src/main/AndroidManifest.xml:83:9-86:20
	android:label
		ADDED from src/main/AndroidManifest.xml:85:13-55
	android:name
		ADDED from src/main/AndroidManifest.xml:84:13-48
activity#com.chipo.cashier.SettingDetailActivity
ADDED from src/main/AndroidManifest.xml:87:9-94:20
	android:parentActivityName
		ADDED from src/main/AndroidManifest.xml:90:13-62
	android:label
		ADDED from src/main/AndroidManifest.xml:89:13-57
	android:name
		ADDED from src/main/AndroidManifest.xml:88:13-50
uses-sdk
INJECTED from src/main/AndroidManifest.xml reason: use-sdk injection requested
INJECTED from src/main/AndroidManifest.xml
INJECTED from src/main/AndroidManifest.xml
INJECTED from src/main/AndroidManifest.xml
INJECTED from src/main/AndroidManifest.xml
	android:targetSdkVersion
		INJECTED from src/main/AndroidManifest.xml
		ADDED from src/main/AndroidManifest.xml
		INJECTED from src/main/AndroidManifest.xml
	android:minSdkVersion
		INJECTED from src/main/AndroidManifest.xml
		ADDED from src/main/AndroidManifest.xml
		INJECTED from src/main/AndroidManifest.xml